#
# There is insufficient memory for the Java Runtime Environment to continue.
# Native memory allocation (mmap) failed to map 132120576 bytes for G1 virtual space
# Possible reasons:
#   The system is out of physical RAM or swap space
#   The process is running with CompressedOops enabled, and the Java Heap may be blocking the growth of the native heap
# Possible solutions:
#   Reduce memory load on the system
#   Increase physical memory or swap space
#   Check if swap backing store is full
#   Decrease Java heap size (-Xmx/-Xms)
#   Decrease number of Java threads
#   Decrease Java thread stack sizes (-Xss)
#   Set larger code cache with -XX:ReservedCodeCacheSize=
#   JVM is running with Unscaled Compressed Oops mode in which the Java heap is
#     placed in the first 4GB address space. The Java Heap base address is the
#     maximum limit for the native heap growth. Please use -XX:HeapBaseMinAddress
#     to set the Java Heap base and to place the Java Heap above 4GB virtual address.
# This output file may be truncated or incomplete.
#
#  Out of Memory Error (os_windows.cpp:3548), pid=9748, tid=12916
#
# JRE version:  (17.0.11+7) (build )
# Java VM: Java HotSpot(TM) 64-Bit Server VM (17.0.11+7-LTS-207, mixed mode, sharing, tiered, compressed oops, compressed class ptrs, g1 gc, windows-amd64)
# No core dump will be written. Minidumps are not enabled by default on client versions of Windows
#

---------------  S U M M A R Y ------------

Command Line: -javaagent:C:\Program Files\JetBrains\IntelliJ IDEA 2024.1.3\lib\idea_rt.jar=53190:C:\Program Files\JetBrains\IntelliJ IDEA 2024.1.3\bin -Dfile.encoding=UTF-8 main.Main

Host: Intel(R) Core(TM) i7-6820HQ CPU @ 2.70GHz, 8 cores, 7G,  Windows 10 , 64 bit Build 19041 (10.0.19041.4717)
Time: Thu Aug 29 19:51:49 2024 SE Asia Standard Time elapsed time: 0.018909 seconds (0d 0h 0m 0s)

---------------  T H R E A D  ---------------

Current thread (0x000001e5d67f40e0):  JavaThread "Unknown thread" [_thread_in_vm, id=12916, stack(0x00000097d9200000,0x00000097d9300000)]

Stack: [0x00000097d9200000,0x00000097d9300000]
Native frames: (J=compiled Java code, j=interpreted, Vv=VM code, C=native code)
V  [jvm.dll+0x679cca]
V  [jvm.dll+0x7da13d]
V  [jvm.dll+0x7dba83]
V  [jvm.dll+0x7dc0f3]
V  [jvm.dll+0x2449af]
V  [jvm.dll+0x676ce9]
V  [jvm.dll+0x66b852]
V  [jvm.dll+0x3018d6]
V  [jvm.dll+0x308e76]
V  [jvm.dll+0x3596ee]
V  [jvm.dll+0x35991f]
V  [jvm.dll+0x2d89a8]
V  [jvm.dll+0x2d9914]
V  [jvm.dll+0x7ac6b1]
V  [jvm.dll+0x366f61]
V  [jvm.dll+0x78b609]
V  [jvm.dll+0x3ec22f]
V  [jvm.dll+0x3ede61]
C  [jli.dll+0x5297]
C  [ucrtbase.dll+0x21bb2]
C  [KERNEL32.DLL+0x17374]
C  [ntdll.dll+0x4cc91]


---------------  P R O C E S S  ---------------

Threads class SMR info:
_java_thread_list=0x00007fff6f067a18, length=0, elements={
}

Java Threads: ( => current thread )

Other Threads:
  0x000001e5d684e3e0 GCTaskThread "GC Thread#0" [stack: 0x00000097d9300000,0x00000097d9400000] [id=4744]
  0x000001e5d68601d0 ConcurrentGCThread "G1 Main Marker" [stack: 0x00000097d9400000,0x00000097d9500000] [id=7800]
  0x000001e5d6861290 ConcurrentGCThread "G1 Conc#0" [stack: 0x00000097d9500000,0x00000097d9600000] [id=11708]

[error occurred during error reporting (printing all threads), id 0xc0000005, EXCEPTION_ACCESS_VIOLATION (0xc0000005) at pc=0x00007fff6e899497]

VM state: not at safepoint (not fully initialized)

VM Mutex/Monitor currently owned by a thread:  ([mutex/lock_event])
[0x000001e5d67ef670] Heap_lock - owner thread: 0x000001e5d67f40e0

Heap address: 0x0000000082400000, size: 2012 MB, Compressed Oops mode: 32-bit

CDS archive(s) mapped at: [0x0000000000000000-0x0000000000000000-0x0000000000000000), size 0, SharedBaseAddress: 0x0000000800000000, ArchiveRelocationMode: 1.
Narrow klass base: 0x0000000000000000, Narrow klass shift: 0, Narrow klass range: 0x0

GC Precious Log:
<Empty>

Heap:
 garbage-first heap   total 0K, used 0K [0x0000000082400000, 0x0000000100000000)
  region size 1024K, 0 young (0K), 0 survivors (0K)

[error occurred during error reporting (printing heap information), id 0xc0000005, EXCEPTION_ACCESS_VIOLATION (0xc0000005) at pc=0x00007fff6ec83559]

GC Heap History (0 events):
No events

Deoptimization events (0 events):
No events

Classes unloaded (0 events):
No events

Classes redefined (0 events):
No events

Internal exceptions (0 events):
No events

VM Operations (0 events):
No events

Events (1 events):
Event: 0.011 Loaded shared library C:\Program Files\Java\jdk-17\bin\java.dll


Dynamic libraries:
0x00007ff639570000 - 0x00007ff639580000 	C:\Program Files\Java\jdk-17\bin\java.exe
0x00007fffb17f0000 - 0x00007fffb19e8000 	C:\WINDOWS\SYSTEM32\ntdll.dll
0x00007fffafef0000 - 0x00007fffaffb1000 	C:\WINDOWS\System32\KERNEL32.DLL
0x00007fffaf340000 - 0x00007fffaf63d000 	C:\WINDOWS\System32\KERNELBASE.dll
0x00007fffaf190000 - 0x00007fffaf290000 	C:\WINDOWS\System32\ucrtbase.dll
0x00007fff90f10000 - 0x00007fff90f2b000 	C:\Program Files\Java\jdk-17\bin\VCRUNTIME140.dll
0x00007fff90f30000 - 0x00007fff90f49000 	C:\Program Files\Java\jdk-17\bin\jli.dll
0x00007fffb02b0000 - 0x00007fffb0360000 	C:\WINDOWS\System32\ADVAPI32.dll
0x00007fffafe50000 - 0x00007fffafeee000 	C:\WINDOWS\System32\msvcrt.dll
0x00007fffaf880000 - 0x00007fffaf920000 	C:\WINDOWS\System32\sechost.dll
0x00007fffb1680000 - 0x00007fffb17a3000 	C:\WINDOWS\System32\RPCRT4.dll
0x00007fffaf2c0000 - 0x00007fffaf2e7000 	C:\WINDOWS\System32\bcrypt.dll
0x00007fffaffc0000 - 0x00007fffb015d000 	C:\WINDOWS\System32\USER32.dll
0x00007fffaf290000 - 0x00007fffaf2b2000 	C:\WINDOWS\System32\win32u.dll
0x00007fff9d1c0000 - 0x00007fff9d45a000 	C:\WINDOWS\WinSxS\amd64_microsoft.windows.common-controls_6595b64144ccf1df_6.0.19041.4355_none_60b8b9eb71f62e16\COMCTL32.dll
0x00007fffaf9d0000 - 0x00007fffaf9fb000 	C:\WINDOWS\System32\GDI32.dll
0x00007fffaf070000 - 0x00007fffaf187000 	C:\WINDOWS\System32\gdi32full.dll
0x00007fffaf780000 - 0x00007fffaf81d000 	C:\WINDOWS\System32\msvcp_win.dll
0x00007fffa9680000 - 0x00007fffa968a000 	C:\WINDOWS\SYSTEM32\VERSION.dll
0x00007fffb0e70000 - 0x00007fffb0e9f000 	C:\WINDOWS\System32\IMM32.DLL
0x00007fff9cf50000 - 0x00007fff9cf5c000 	C:\Program Files\Java\jdk-17\bin\vcruntime140_1.dll
0x00007fff84230000 - 0x00007fff842be000 	C:\Program Files\Java\jdk-17\bin\msvcp140.dll
0x00007fff6e5b0000 - 0x00007fff6f190000 	C:\Program Files\Java\jdk-17\bin\server\jvm.dll
0x00007fffb0ea0000 - 0x00007fffb0ea8000 	C:\WINDOWS\System32\PSAPI.DLL
0x00007fff9f8f0000 - 0x00007fff9f917000 	C:\WINDOWS\SYSTEM32\WINMM.dll
0x00007fff98330000 - 0x00007fff98339000 	C:\WINDOWS\SYSTEM32\WSOCK32.dll
0x00007fffb0160000 - 0x00007fffb01cb000 	C:\WINDOWS\System32\WS2_32.dll
0x00007fffad6e0000 - 0x00007fffad6f2000 	C:\WINDOWS\SYSTEM32\kernel.appcore.dll
0x00007fff91fc0000 - 0x00007fff91fca000 	C:\Program Files\Java\jdk-17\bin\jimage.dll
0x00007fffacc10000 - 0x00007fffacdf4000 	C:\WINDOWS\SYSTEM32\DBGHELP.DLL
0x00007fff9bc70000 - 0x00007fff9bca4000 	C:\WINDOWS\SYSTEM32\dbgcore.DLL
0x00007fffaf640000 - 0x00007fffaf6c2000 	C:\WINDOWS\System32\bcryptPrimitives.dll
0x00007fff90e80000 - 0x00007fff90e8e000 	C:\Program Files\Java\jdk-17\bin\instrument.dll
0x00007fff90e90000 - 0x00007fff90eb5000 	C:\Program Files\Java\jdk-17\bin\java.dll

dbghelp: loaded successfully - version: 4.0.5 - missing functions: none
symbol engine: initialized successfully - sym options: 0x614 - pdb path: .;C:\Program Files\Java\jdk-17\bin;C:\WINDOWS\SYSTEM32;C:\WINDOWS\WinSxS\amd64_microsoft.windows.common-controls_6595b64144ccf1df_6.0.19041.4355_none_60b8b9eb71f62e16;C:\Program Files\Java\jdk-17\bin\server

VM Arguments:
jvm_args: -javaagent:C:\Program Files\JetBrains\IntelliJ IDEA 2024.1.3\lib\idea_rt.jar=53190:C:\Program Files\JetBrains\IntelliJ IDEA 2024.1.3\bin -Dfile.encoding=UTF-8 
java_command: main.Main
java_class_path (initial): D:\Backend\Oceantech\QLSV\out\production\QLSV
Launcher Type: SUN_STANDARD

[Global flags]
     intx CICompilerCount                          = 4                                         {product} {ergonomic}
     uint ConcGCThreads                            = 2                                         {product} {ergonomic}
     uint G1ConcRefinementThreads                  = 8                                         {product} {ergonomic}
   size_t G1HeapRegionSize                         = 1048576                                   {product} {ergonomic}
    uintx GCDrainStackTargetSize                   = 64                                        {product} {ergonomic}
   size_t InitialHeapSize                          = 132120576                                 {product} {ergonomic}
   size_t MarkStackSize                            = 4194304                                   {product} {ergonomic}
   size_t MaxHeapSize                              = 2109734912                                {product} {ergonomic}
   size_t MinHeapDeltaBytes                        = 1048576                                   {product} {ergonomic}
   size_t MinHeapSize                              = 8388608                                   {product} {ergonomic}
    uintx NonNMethodCodeHeapSize                   = 5839372                                {pd product} {ergonomic}
    uintx NonProfiledCodeHeapSize                  = 122909434                              {pd product} {ergonomic}
    uintx ProfiledCodeHeapSize                     = 122909434                              {pd product} {ergonomic}
    uintx ReservedCodeCacheSize                    = 251658240                              {pd product} {ergonomic}
     bool SegmentedCodeCache                       = true                                      {product} {ergonomic}
   size_t SoftMaxHeapSize                          = 2109734912                             {manageable} {ergonomic}
     bool UseCompressedClassPointers               = true                           {product lp64_product} {ergonomic}
     bool UseCompressedOops                        = true                           {product lp64_product} {ergonomic}
     bool UseG1GC                                  = true                                      {product} {ergonomic}
     bool UseLargePagesIndividualAllocation        = false                                  {pd product} {ergonomic}

Logging:
Log output configuration:
 #0: stdout all=warning uptime,level,tags
 #1: stderr all=off uptime,level,tags

Environment Variables:
JAVA_HOME=C:\Program Files\Java\jdk-17
PATH=C:\Program Files\Common Files\Oracle\Java\javapath;C:\Program Files\Microsoft MPI\Bin\;C:\Program Files\Common Files\Siemens\Automation\Simatic OAM\bin;C:\Windows\system32;C:\Windows;C:\Windows\System32\Wbem;C:\Windows\System32\WindowsPowerShell\v1.0\;C:\Windows\System32\OpenSSH\;C:\Program Files\dotnet\;C:\Program Files (x86)\Windows Kits\8.1\Windows Performance Toolkit\;C:\WINDOWS\system32;C:\WINDOWS;C:\WINDOWS\System32\Wbem;C:\WINDOWS\System32\WindowsPowerShell\v1.0\;C:\WINDOWS\System32\OpenSSH\;C:\Program Files\nodejs\;C:\ProgramData\chocolatey\bin;C:\Program Files\Azure Data Studio\bin;C:\xampp\php;C:\composer;C:\Program Files (x86)\Windows Kits\10\Windows Performance Toolkit\;C:\Program Files\Git\cmd;C:\Users\ADMIN\AppData\Local\Microsoft\WindowsApps;C:\Users\ADMIN\.dotnet\tools;C:\Users\ADMIN\AppData\Local\Programs\Microsoft VS Code\bin;C:\Users\ADMIN\AppData\Roaming\npm;C:\Program Files\Azure Data Studio\bin;C:\Users\ADMIN\AppData\Roaming\Composer\vendor\bin;C:\Program Files\JetBrains\IntelliJ IDEA 2024.1.3\bin;;C:\Users\ADMIN\AppData\Local\GitHubDesktop\bin
USERNAME=ADMIN
OS=Windows_NT
PROCESSOR_IDENTIFIER=Intel64 Family 6 Model 94 Stepping 3, GenuineIntel



---------------  S Y S T E M  ---------------

OS:
 Windows 10 , 64 bit Build 19041 (10.0.19041.4717)
OS uptime: 0 days 3:41 hours

CPU: total 8 (initial active 8) (4 cores per cpu, 2 threads per core) family 6 model 94 stepping 3 microcode 0xea, cx8, cmov, fxsr, ht, mmx, 3dnowpref, sse, sse2, sse3, ssse3, sse4.1, sse4.2, popcnt, lzcnt, tsc, tscinvbit, avx, avx2, aes, erms, clmul, bmi1, bmi2, rtm, adx, fma, vzeroupper, clflush, clflushopt

Memory: 4k page, system-wide physical 8041M (384M free)
TotalPageFile size 27102M (AvailPageFile size 51M)
current process WorkingSet (physical memory assigned to process): 10M, peak: 10M
current process commit charge ("private bytes"): 60M, peak: 186M

vm_info: Java HotSpot(TM) 64-Bit Server VM (17.0.11+7-LTS-207) for windows-amd64 JRE (17.0.11+7-LTS-207), built on Mar 11 2024 19:01:50 by "mach5one" with MS VC++ 17.6 (VS2022)

END.
